<?xml version="1.0" encoding="UTF-8"?>
<!-- Generated by org.testng.reporters.JUnitXMLReporter -->
<testsuite ignored="0" hostname="Buvan10" failures="1" tests="1" name="Test" time="0.043" errors="0" timestamp="2022-09-30T13:54:53 IST">
  <testcase classname="com.testng.features.Parameterized_Concept" name="names" time="0.013">
    <failure type="org.testng.internal.reflect.MethodMatcherException" message="
[public void com.testng.features.Parameterized_Concept.names(java.lang.String,java.lang.String,int)] has no parameters defined but was found to be using a data provider (either explicitly specified or inherited from class level annotation).
Data provider mismatch
Method: names([Parameter{index=0, type=java.lang.String, declaredAnnotations=[]}, Parameter{index=1, type=java.lang.String, declaredAnnotations=[]}, Parameter{index=2, type=int, declaredAnnotations=[]}])
Arguments: [(java.lang.String) aaaaa,(java.lang.String) 1111]">
      <![CDATA[org.testng.internal.reflect.MethodMatcherException: 
[public void com.testng.features.Parameterized_Concept.names(java.lang.String,java.lang.String,int)] has no parameters defined but was found to be using a data provider (either explicitly specified or inherited from class level annotation).
Data provider mismatch
Method: names([Parameter{index=0, type=java.lang.String, declaredAnnotations=[]}, Parameter{index=1, type=java.lang.String, declaredAnnotations=[]}, Parameter{index=2, type=int, declaredAnnotations=[]}])
Arguments: [(java.lang.String) aaaaa,(java.lang.String) 1111]
at java.base/java.util.ArrayList.forEach(ArrayList.java:1511)
... Removed 22 stack frames]]>
    </failure>
  </testcase> <!-- names -->
</testsuite> <!-- Test -->
